# JRE version: OpenJDK Runtime Environment Temurin-21.0.11+10 (21.0.11+10) (build 21.0.11+10-LTS)
# Java VM: OpenJDK 64-Bit Server VM Temurin-21.0.11+10 (21.0.11+10-LTS, mixed mode, sharing, tiered, compressed oops, compressed class ptrs, parallel gc, windows-amd64)
GC Precious Log:
 CardTable entry size: 512
 CPUs: 12 total, 12 available
 Memory: 15178M
 Large Page Support: Disabled
 NUMA Support: Disabled
 Compressed Oops: Enabled (32-bit)
 Alignments: Space 512K, Generation 512K, Heap 2M
 Heap Min Capacity: 100M
 Heap Initial Capacity: 100M
 Heap Max Capacity: 2G
 Pre-touch: Disabled
 Parallel Workers: 10
Heap:
 PSYoungGen      total 4096K, used 4095K [0x00000000d5580000, 0x00000000d6d80000, 0x0000000100000000)
  eden space 512K, 99% used [0x00000000d5580000,0x00000000d55ffff0,0x00000000d5600000)
  from space 3584K, 100% used [0x00000000d5e80000,0x00000000d6200000,0x00000000d6200000)
  to   space 8704K, 0% used [0x00000000d5600000,0x00000000d5600000,0x00000000d5e80000)
 ParOldGen       total 1273856K, used 1273672K [0x0000000080000000, 0x00000000cdc00000, 0x00000000d5580000)
  object space 1273856K, 99% used [0x0000000080000000,0x00000000cdbd2358,0x00000000cdc00000)
 Metaspace       used 99212K, committed 101312K, reserved 1179648K
  class space    used 10056K, committed 10944K, reserved 1048576K
GC Heap History (20 events):
Event: 952.003 GC heap before
{Heap before GC invocations=3314 (full 8):
 PSYoungGen      total 4096K, used 3776K [0x00000000d5580000, 0x00000000d5c80000, 0x0000000100000000)
  eden space 3584K, 100% used [0x00000000d5580000,0x00000000d5900000,0x00000000d5900000)
  from space 512K, 37% used [0x00000000d5c00000,0x00000000d5c30000,0x00000000d5c80000)
  to   space 512K, 0% used [0x00000000d5b80000,0x00000000d5b80000,0x00000000d5c00000)
 ParOldGen       total 1251328K, used 1251190K [0x0000000080000000, 0x00000000cc600000, 0x00000000d5580000)
  object space 1251328K, 99% used [0x0000000080000000,0x00000000cc5dd938,0x00000000cc600000)
 Metaspace       used 99209K, committed 101312K, reserved 1179648K
  class space    used 10056K, committed 10944K, reserved 1048576K
}
Event: 952.007 GC heap after
{Heap after GC invocations=3314 (full 8):
 PSYoungGen      total 4096K, used 492K [0x00000000d5580000, 0x00000000d5d00000, 0x0000000100000000)
  eden space 3584K, 0% used [0x00000000d5580000,0x00000000d5580000,0x00000000d5900000)
  from space 512K, 96% used [0x00000000d5b80000,0x00000000d5bfb110,0x00000000d5c00000)
  to   space 1024K, 0% used [0x00000000d5c00000,0x00000000d5c00000,0x00000000d5d00000)
 ParOldGen       total 1252352K, used 1252138K [0x0000000080000000, 0x00000000cc700000, 0x00000000d5580000)
  object space 1252352K, 99% used [0x0000000080000000,0x00000000cc6cab58,0x00000000cc700000)
 Metaspace       used 99209K, committed 101312K, reserved 1179648K
  class space    used 10056K, committed 10944K, reserved 1048576K
}
Event: 952.031 GC heap before
{Heap before GC invocations=3315 (full 8):
 PSYoungGen      total 4096K, used 4076K [0x00000000d5580000, 0x00000000d5d00000, 0x0000000100000000)
  eden space 3584K, 99% used [0x00000000d5580000,0x00000000d58ffff8,0x00000000d5900000)
  from space 512K, 96% used [0x00000000d5b80000,0x00000000d5bfb110,0x00000000d5c00000)
  to   space 1024K, 0% used [0x00000000d5c00000,0x00000000d5c00000,0x00000000d5d00000)
 ParOldGen       total 1252352K, used 1252138K [0x0000000080000000, 0x00000000cc700000, 0x00000000d5580000)
  object space 1252352K, 99% used [0x0000000080000000,0x00000000cc6cab58,0x00000000cc700000)
 Metaspace       used 99209K, committed 101312K, reserved 1179648K
  class space    used 10056K, committed 10944K, reserved 1048576K
}
Event: 952.037 GC heap after
{Heap after GC invocations=3315 (full 8):
 PSYoungGen      total 3584K, used 1024K [0x00000000d5580000, 0x00000000d6100000, 0x0000000100000000)
  eden space 2560K, 0% used [0x00000000d5580000,0x00000000d5580000,0x00000000d5800000)
  from space 1024K, 100% used [0x00000000d5c00000,0x00000000d5d00000,0x00000000d5d00000)
  to   space 4096K, 0% used [0x00000000d5800000,0x00000000d5800000,0x00000000d5c00000)
 ParOldGen       total 1254912K, used 1254495K [0x0000000080000000, 0x00000000cc980000, 0x00000000d5580000)
  object space 1254912K, 99% used [0x0000000080000000,0x00000000cc917c68,0x00000000cc980000)
 Metaspace       used 99209K, committed 101312K, reserved 1179648K
  class space    used 10056K, committed 10944K, reserved 1048576K
}
Event: 952.141 GC heap before
{Heap before GC invocations=3316 (full 8):
 PSYoungGen      total 3584K, used 3584K [0x00000000d5580000, 0x00000000d6100000, 0x0000000100000000)
  eden space 2560K, 100% used [0x00000000d5580000,0x00000000d5800000,0x00000000d5800000)
  from space 1024K, 100% used [0x00000000d5c00000,0x00000000d5d00000,0x00000000d5d00000)
  to   space 4096K, 0% used [0x00000000d5800000,0x00000000d5800000,0x00000000d5c00000)
 ParOldGen       total 1254912K, used 1254495K [0x0000000080000000, 0x00000000cc980000, 0x00000000d5580000)
  object space 1254912K, 99% used [0x0000000080000000,0x00000000cc917c68,0x00000000cc980000)
 Metaspace       used 99209K, committed 101312K, reserved 1179648K
  class space    used 10056K, committed 10944K, reserved 1048576K
}
Event: 952.145 GC heap after
{Heap after GC invocations=3316 (full 8):
 PSYoungGen      total 3072K, used 416K [0x00000000d5580000, 0x00000000d5c80000, 0x0000000100000000)
  eden space 2560K, 0% used [0x00000000d5580000,0x00000000d5580000,0x00000000d5800000)
  from space 512K, 81% used [0x00000000d5800000,0x00000000d5868000,0x00000000d5880000)
  to   space 1536K, 0% used [0x00000000d5b00000,0x00000000d5b00000,0x00000000d5c80000)
 ParOldGen       total 1255936K, used 1255559K [0x0000000080000000, 0x00000000cca80000, 0x00000000d5580000)
  object space 1255936K, 99% used [0x0000000080000000,0x00000000cca21c68,0x00000000cca80000)
 Metaspace       used 99209K, committed 101312K, reserved 1179648K
  class space    used 10056K, committed 10944K, reserved 1048576K
}
Event: 952.162 GC heap before
{Heap before GC invocations=3317 (full 8):
 PSYoungGen      total 3072K, used 2606K [0x00000000d5580000, 0x00000000d5c80000, 0x0000000100000000)
  eden space 2560K, 85% used [0x00000000d5580000,0x00000000d57a3a98,0x00000000d5800000)
  from space 512K, 81% used [0x00000000d5800000,0x00000000d5868000,0x00000000d5880000)
  to   space 1536K, 0% used [0x00000000d5b00000,0x00000000d5b00000,0x00000000d5c80000)
 ParOldGen       total 1255936K, used 1255559K [0x0000000080000000, 0x00000000cca80000, 0x00000000d5580000)
  object space 1255936K, 99% used [0x0000000080000000,0x00000000cca21c68,0x00000000cca80000)
 Metaspace       used 99209K, committed 101312K, reserved 1179648K
  class space    used 10056K, committed 10944K, reserved 1048576K
}
Event: 952.166 GC heap after
{Heap after GC invocations=3317 (full 8):
 PSYoungGen      total 3584K, used 824K [0x00000000d5580000, 0x00000000d5c00000, 0x0000000100000000)
  eden space 2560K, 0% used [0x00000000d5580000,0x00000000d5580000,0x00000000d5800000)
  from space 1024K, 80% used [0x00000000d5b00000,0x00000000d5bce2c8,0x00000000d5c00000)
  to   space 1024K, 0% used [0x00000000d5a00000,0x00000000d5a00000,0x00000000d5b00000)
 ParOldGen       total 1255936K, used 1255735K [0x0000000080000000, 0x00000000cca80000, 0x00000000d5580000)
  object space 1255936K, 99% used [0x0000000080000000,0x00000000cca4dc68,0x00000000cca80000)
 Metaspace       used 99209K, committed 101312K, reserved 1179648K
  class space    used 10056K, committed 10944K, reserved 1048576K
}
Event: 952.173 GC heap before
{Heap before GC invocations=3318 (full 8):
 PSYoungGen      total 3584K, used 3384K [0x00000000d5580000, 0x00000000d5c00000, 0x0000000100000000)
  eden space 2560K, 100% used [0x00000000d5580000,0x00000000d5800000,0x00000000d5800000)
  from space 1024K, 80% used [0x00000000d5b00000,0x00000000d5bce2c8,0x00000000d5c00000)
  to   space 1024K, 0% used [0x00000000d5a00000,0x00000000d5a00000,0x00000000d5b00000)
 ParOldGen       total 1255936K, used 1255735K [0x0000000080000000, 0x00000000cca80000, 0x00000000d5580000)
  object space 1255936K, 99% used [0x0000000080000000,0x00000000cca4dc68,0x00000000cca80000)
 Metaspace       used 99209K, committed 101312K, reserved 1179648K
  class space    used 10056K, committed 10944K, reserved 1048576K
}
Event: 952.178 GC heap after
{Heap after GC invocations=3318 (full 8):
 PSYoungGen      total 4096K, used 1016K [0x00000000d5580000, 0x00000000d6080000, 0x0000000100000000)
  eden space 3072K, 0% used [0x00000000d5580000,0x00000000d5580000,0x00000000d5880000)
  from space 1024K, 99% used [0x00000000d5a00000,0x00000000d5afe2c8,0x00000000d5b00000)
  to   space 4096K, 0% used [0x00000000d5c80000,0x00000000d5c80000,0x00000000d6080000)
 ParOldGen       total 1257984K, used 1257911K [0x0000000080000000, 0x00000000ccc80000, 0x00000000d5580000)
  object space 1257984K, 99% used [0x0000000080000000,0x00000000ccc6df40,0x00000000ccc80000)
 Metaspace       used 99209K, committed 101312K, reserved 1179648K
  class space    used 10056K, committed 10944K, reserved 1048576K
}
Event: 952.190 GC heap before
{Heap before GC invocations=3319 (full 8):
 PSYoungGen      total 4096K, used 4088K [0x00000000d5580000, 0x00000000d6080000, 0x0000000100000000)
  eden space 3072K, 100% used [0x00000000d5580000,0x00000000d5880000,0x00000000d5880000)
  from space 1024K, 99% used [0x00000000d5a00000,0x00000000d5afe2c8,0x00000000d5b00000)
  to   space 4096K, 0% used [0x00000000d5c80000,0x00000000d5c80000,0x00000000d6080000)
 ParOldGen       total 1257984K, used 1257911K [0x0000000080000000, 0x00000000ccc80000, 0x00000000d5580000)
  object space 1257984K, 99% used [0x0000000080000000,0x00000000ccc6df40,0x00000000ccc80000)
 Metaspace       used 99209K, committed 101312K, reserved 1179648K
  class space    used 10056K, committed 10944K, reserved 1048576K
}
Event: 952.197 GC heap after
{Heap after GC invocations=3319 (full 8):
 PSYoungGen      total 7680K, used 3232K [0x00000000d5580000, 0x00000000d6080000, 0x0000000100000000)
  eden space 3584K, 0% used [0x00000000d5580000,0x00000000d5580000,0x00000000d5900000)
  from space 4096K, 78% used [0x00000000d5c80000,0x00000000d5fa8000,0x00000000d6080000)
  to   space 3584K, 0% used [0x00000000d5900000,0x00000000d5900000,0x00000000d5c80000)
 ParOldGen       total 1259520K, used 1258976K [0x0000000080000000, 0x00000000cce00000, 0x00000000d5580000)
  object space 1259520K, 99% used [0x0000000080000000,0x00000000ccd78208,0x00000000cce00000)
 Metaspace       used 99209K, committed 101312K, reserved 1179648K
  class space    used 10056K, committed 10944K, reserved 1048576K
}
Event: 952.219 GC heap before
{Heap before GC invocations=3320 (full 8):
 PSYoungGen      total 7680K, used 6816K [0x00000000d5580000, 0x00000000d6080000, 0x0000000100000000)
  eden space 3584K, 100% used [0x00000000d5580000,0x00000000d5900000,0x00000000d5900000)
  from space 4096K, 78% used [0x00000000d5c80000,0x00000000d5fa8000,0x00000000d6080000)
  to   space 3584K, 0% used [0x00000000d5900000,0x00000000d5900000,0x00000000d5c80000)
 ParOldGen       total 1259520K, used 1258976K [0x0000000080000000, 0x00000000cce00000, 0x00000000d5580000)
  object space 1259520K, 99% used [0x0000000080000000,0x00000000ccd78208,0x00000000cce00000)
 Metaspace       used 99210K, committed 101312K, reserved 1179648K
  class space    used 10056K, committed 10944K, reserved 1048576K
}
Event: 952.229 GC heap after
{Heap after GC invocations=3320 (full 8):
 PSYoungGen      total 7168K, used 3584K [0x00000000d5580000, 0x00000000d6900000, 0x0000000100000000)
  eden space 3584K, 0% used [0x00000000d5580000,0x00000000d5580000,0x00000000d5900000)
  from space 3584K, 100% used [0x00000000d5900000,0x00000000d5c80000,0x00000000d5c80000)
  to   space 7680K, 0% used [0x00000000d6180000,0x00000000d6180000,0x00000000d6900000)
 ParOldGen       total 1262080K, used 1262056K [0x0000000080000000, 0x00000000cd080000, 0x00000000d5580000)
  object space 1262080K, 99% used [0x0000000080000000,0x00000000cd07a208,0x00000000cd080000)
 Metaspace       used 99210K, committed 101312K, reserved 1179648K
  class space    used 10056K, committed 10944K, reserved 1048576K
}
Event: 952.243 GC heap before
{Heap before GC invocations=3321 (full 8):
 PSYoungGen      total 7168K, used 7167K [0x00000000d5580000, 0x00000000d6900000, 0x0000000100000000)
  eden space 3584K, 99% used [0x00000000d5580000,0x00000000d58ffff0,0x00000000d5900000)
  from space 3584K, 100% used [0x00000000d5900000,0x00000000d5c80000,0x00000000d5c80000)
  to   space 7680K, 0% used [0x00000000d6180000,0x00000000d6180000,0x00000000d6900000)
 ParOldGen       total 1262080K, used 1262056K [0x0000000080000000, 0x00000000cd080000, 0x00000000d5580000)
  object space 1262080K, 99% used [0x0000000080000000,0x00000000cd07a208,0x00000000cd080000)
 Metaspace       used 99210K, committed 101312K, reserved 1179648K
  class space    used 10056K, committed 10944K, reserved 1048576K
}
Event: 952.250 GC heap after
{Heap after GC invocations=3321 (full 8):
 PSYoungGen      total 8704K, used 3616K [0x00000000d5580000, 0x00000000d6580000, 0x0000000100000000)
  eden space 4608K, 0% used [0x00000000d5580000,0x00000000d5580000,0x00000000d5a00000)
  from space 4096K, 88% used [0x00000000d6180000,0x00000000d6508000,0x00000000d6580000)
  to   space 5120K, 0% used [0x00000000d5b80000,0x00000000d5b80000,0x00000000d6080000)
 ParOldGen       total 1265664K, used 1265552K [0x0000000080000000, 0x00000000cd400000, 0x00000000d5580000)
  object space 1265664K, 99% used [0x0000000080000000,0x00000000cd3e4218,0x00000000cd400000)
 Metaspace       used 99210K, committed 101312K, reserved 1179648K
  class space    used 10056K, committed 10944K, reserved 1048576K
}
Event: 952.264 GC heap before
{Heap before GC invocations=3322 (full 8):
 PSYoungGen      total 8704K, used 8180K [0x00000000d5580000, 0x00000000d6580000, 0x0000000100000000)
  eden space 4608K, 99% used [0x00000000d5580000,0x00000000d59f5148,0x00000000d5a00000)
  from space 4096K, 88% used [0x00000000d6180000,0x00000000d6508000,0x00000000d6580000)
  to   space 5120K, 0% used [0x00000000d5b80000,0x00000000d5b80000,0x00000000d6080000)
 ParOldGen       total 1265664K, used 1265552K [0x0000000080000000, 0x00000000cd400000, 0x00000000d5580000)
  object space 1265664K, 99% used [0x0000000080000000,0x00000000cd3e4218,0x00000000cd400000)
 Metaspace       used 99212K, committed 101312K, reserved 1179648K
  class space    used 10056K, committed 10944K, reserved 1048576K
}
Event: 952.269 GC heap after
{Heap after GC invocations=3322 (full 8):
 PSYoungGen      total 8704K, used 2832K [0x00000000d5580000, 0x00000000d6200000, 0x0000000100000000)
  eden space 5632K, 0% used [0x00000000d5580000,0x00000000d5580000,0x00000000d5b00000)
  from space 3072K, 92% used [0x00000000d5b80000,0x00000000d5e44000,0x00000000d5e80000)
  to   space 3584K, 0% used [0x00000000d5e80000,0x00000000d5e80000,0x00000000d6200000)
 ParOldGen       total 1269248K, used 1269072K [0x0000000080000000, 0x00000000cd780000, 0x00000000d5580000)
  object space 1269248K, 99% used [0x0000000080000000,0x00000000cd754218,0x00000000cd780000)
 Metaspace       used 99212K, committed 101312K, reserved 1179648K
  class space    used 10056K, committed 10944K, reserved 1048576K
}
Event: 952.333 GC heap before
{Heap before GC invocations=3323 (full 8):
 PSYoungGen      total 8704K, used 8464K [0x00000000d5580000, 0x00000000d6200000, 0x0000000100000000)
  eden space 5632K, 100% used [0x00000000d5580000,0x00000000d5b00000,0x00000000d5b00000)
  from space 3072K, 92% used [0x00000000d5b80000,0x00000000d5e44000,0x00000000d5e80000)
  to   space 3584K, 0% used [0x00000000d5e80000,0x00000000d5e80000,0x00000000d6200000)
 ParOldGen       total 1269248K, used 1269072K [0x0000000080000000, 0x00000000cd780000, 0x00000000d5580000)
  object space 1269248K, 99% used [0x0000000080000000,0x00000000cd754218,0x00000000cd780000)
 Metaspace       used 99212K, committed 101312K, reserved 1179648K
  class space    used 10056K, committed 10944K, reserved 1048576K
}
Event: 952.341 GC heap after
{Heap after GC invocations=3323 (full 8):
 PSYoungGen      total 4096K, used 3584K [0x00000000d5580000, 0x00000000d6d80000, 0x0000000100000000)
  eden space 512K, 0% used [0x00000000d5580000,0x00000000d5580000,0x00000000d5600000)
  from space 3584K, 100% used [0x00000000d5e80000,0x00000000d6200000,0x00000000d6200000)
  to   space 8704K, 0% used [0x00000000d5600000,0x00000000d5600000,0x00000000d5e80000)
 ParOldGen       total 1273344K, used 1272888K [0x0000000080000000, 0x00000000cdb80000, 0x00000000d5580000)
  object space 1273344K, 99% used [0x0000000080000000,0x00000000cdb0e218,0x00000000cdb80000)
 Metaspace       used 99212K, committed 101312K, reserved 1179648K
  class space    used 10056K, committed 10944K, reserved 1048576K
}

