# JRE version: OpenJDK Runtime Environment Temurin-21.0.11+10 (21.0.11+10) (build 21.0.11+10-LTS)
# Java VM: OpenJDK 64-Bit Server VM Temurin-21.0.11+10 (21.0.11+10-LTS, mixed mode, sharing, tiered, compressed oops, compressed class ptrs, parallel gc, windows-amd64)
GC Precious Log:
 CardTable entry size: 512
 CPUs: 12 total, 12 available
 Memory: 15178M
 Large Page Support: Disabled
 NUMA Support: Disabled
 Compressed Oops: Enabled (32-bit)
 Alignments: Space 512K, Generation 512K, Heap 2M
 Heap Min Capacity: 100M
 Heap Initial Capacity: 100M
 Heap Max Capacity: 2G
 Pre-touch: Disabled
 Parallel Workers: 10
Heap:
 PSYoungGen      total 7168K, used 4204K [0x00000000d5580000, 0x00000000d5d80000, 0x0000000100000000)
  eden space 6144K, 60% used [0x00000000d5580000,0x00000000d5920c58,0x00000000d5b80000)
  from space 1024K, 47% used [0x00000000d5b80000,0x00000000d5bfa460,0x00000000d5c80000)
  to   space 1024K, 0% used [0x00000000d5c80000,0x00000000d5c80000,0x00000000d5d80000)
 ParOldGen       total 91648K, used 91362K [0x0000000080000000, 0x0000000085980000, 0x00000000d5580000)
  object space 91648K, 99% used [0x0000000080000000,0x0000000085938b80,0x0000000085980000)
 Metaspace       used 68198K, committed 69696K, reserved 1114112K
  class space    used 7431K, committed 8064K, reserved 1048576K
GC Heap History (20 events):
Event: 173.378 GC heap before
{Heap before GC invocations=123 (full 3):
 PSYoungGen      total 7168K, used 6752K [0x00000000d5580000, 0x00000000d5d80000, 0x0000000100000000)
  eden space 6144K, 100% used [0x00000000d5580000,0x00000000d5b80000,0x00000000d5b80000)
  from space 1024K, 59% used [0x00000000d5b80000,0x00000000d5c18000,0x00000000d5c80000)
  to   space 1024K, 0% used [0x00000000d5c80000,0x00000000d5c80000,0x00000000d5d80000)
 ParOldGen       total 84480K, used 83977K [0x0000000080000000, 0x0000000085280000, 0x00000000d5580000)
  object space 84480K, 99% used [0x0000000080000000,0x00000000852026a0,0x0000000085280000)
 Metaspace       used 62239K, committed 63680K, reserved 1114112K
  class space    used 6668K, committed 7296K, reserved 1048576K
}
Event: 173.380 GC heap after
{Heap after GC invocations=123 (full 3):
 PSYoungGen      total 7168K, used 663K [0x00000000d5580000, 0x00000000d5d80000, 0x0000000100000000)
  eden space 6144K, 0% used [0x00000000d5580000,0x00000000d5580000,0x00000000d5b80000)
  from space 1024K, 64% used [0x00000000d5c80000,0x00000000d5d25f60,0x00000000d5d80000)
  to   space 1024K, 0% used [0x00000000d5b80000,0x00000000d5b80000,0x00000000d5c80000)
 ParOldGen       total 84480K, used 84337K [0x0000000080000000, 0x0000000085280000, 0x00000000d5580000)
  object space 84480K, 99% used [0x0000000080000000,0x000000008525c6a0,0x0000000085280000)
 Metaspace       used 62239K, committed 63680K, reserved 1114112K
  class space    used 6668K, committed 7296K, reserved 1048576K
}
Event: 173.474 GC heap before
{Heap before GC invocations=124 (full 3):
 PSYoungGen      total 7168K, used 6807K [0x00000000d5580000, 0x00000000d5d80000, 0x0000000100000000)
  eden space 6144K, 100% used [0x00000000d5580000,0x00000000d5b80000,0x00000000d5b80000)
  from space 1024K, 64% used [0x00000000d5c80000,0x00000000d5d25f60,0x00000000d5d80000)
  to   space 1024K, 0% used [0x00000000d5b80000,0x00000000d5b80000,0x00000000d5c80000)
 ParOldGen       total 84480K, used 84337K [0x0000000080000000, 0x0000000085280000, 0x00000000d5580000)
  object space 84480K, 99% used [0x0000000080000000,0x000000008525c6a0,0x0000000085280000)
 Metaspace       used 62457K, committed 63936K, reserved 1114112K
  class space    used 6693K, committed 7360K, reserved 1048576K
}
Event: 173.476 GC heap after
{Heap after GC invocations=124 (full 3):
 PSYoungGen      total 7168K, used 1024K [0x00000000d5580000, 0x00000000d5f80000, 0x0000000100000000)
  eden space 6144K, 0% used [0x00000000d5580000,0x00000000d5580000,0x00000000d5b80000)
  from space 1024K, 100% used [0x00000000d5b80000,0x00000000d5c80000,0x00000000d5c80000)
  to   space 2048K, 0% used [0x00000000d5d80000,0x00000000d5d80000,0x00000000d5f80000)
 ParOldGen       total 84992K, used 84796K [0x0000000080000000, 0x0000000085300000, 0x00000000d5580000)
  object space 84992K, 99% used [0x0000000080000000,0x00000000852cf1b0,0x0000000085300000)
 Metaspace       used 62457K, committed 63936K, reserved 1114112K
  class space    used 6693K, committed 7360K, reserved 1048576K
}
Event: 173.500 GC heap before
{Heap before GC invocations=125 (full 3):
 PSYoungGen      total 7168K, used 7168K [0x00000000d5580000, 0x00000000d5f80000, 0x0000000100000000)
  eden space 6144K, 100% used [0x00000000d5580000,0x00000000d5b80000,0x00000000d5b80000)
  from space 1024K, 100% used [0x00000000d5b80000,0x00000000d5c80000,0x00000000d5c80000)
  to   space 2048K, 0% used [0x00000000d5d80000,0x00000000d5d80000,0x00000000d5f80000)
 ParOldGen       total 84992K, used 84796K [0x0000000080000000, 0x0000000085300000, 0x00000000d5580000)
  object space 84992K, 99% used [0x0000000080000000,0x00000000852cf1b0,0x0000000085300000)
 Metaspace       used 62550K, committed 64064K, reserved 1114112K
  class space    used 6705K, committed 7360K, reserved 1048576K
}
Event: 173.503 GC heap after
{Heap after GC invocations=125 (full 3):
 PSYoungGen      total 7168K, used 928K [0x00000000d5580000, 0x00000000d5e80000, 0x0000000100000000)
  eden space 6144K, 0% used [0x00000000d5580000,0x00000000d5580000,0x00000000d5b80000)
  from space 1024K, 90% used [0x00000000d5d80000,0x00000000d5e68000,0x00000000d5e80000)
  to   space 1536K, 0% used [0x00000000d5b80000,0x00000000d5b80000,0x00000000d5d00000)
 ParOldGen       total 86016K, used 85659K [0x0000000080000000, 0x0000000085400000, 0x00000000d5580000)
  object space 86016K, 99% used [0x0000000080000000,0x00000000853a6ec0,0x0000000085400000)
 Metaspace       used 62550K, committed 64064K, reserved 1114112K
  class space    used 6705K, committed 7360K, reserved 1048576K
}
Event: 173.560 GC heap before
{Heap before GC invocations=126 (full 3):
 PSYoungGen      total 7168K, used 7072K [0x00000000d5580000, 0x00000000d5e80000, 0x0000000100000000)
  eden space 6144K, 100% used [0x00000000d5580000,0x00000000d5b80000,0x00000000d5b80000)
  from space 1024K, 90% used [0x00000000d5d80000,0x00000000d5e68000,0x00000000d5e80000)
  to   space 1536K, 0% used [0x00000000d5b80000,0x00000000d5b80000,0x00000000d5d00000)
 ParOldGen       total 86016K, used 85659K [0x0000000080000000, 0x0000000085400000, 0x00000000d5580000)
  object space 86016K, 99% used [0x0000000080000000,0x00000000853a6ec0,0x0000000085400000)
 Metaspace       used 62828K, committed 64320K, reserved 1114112K
  class space    used 6741K, committed 7360K, reserved 1048576K
}
Event: 173.561 GC heap after
{Heap after GC invocations=126 (full 3):
 PSYoungGen      total 7680K, used 608K [0x00000000d5580000, 0x00000000d5e00000, 0x0000000100000000)
  eden space 6144K, 0% used [0x00000000d5580000,0x00000000d5580000,0x00000000d5b80000)
  from space 1536K, 39% used [0x00000000d5b80000,0x00000000d5c18000,0x00000000d5d00000)
  to   space 1024K, 0% used [0x00000000d5d00000,0x00000000d5d00000,0x00000000d5e00000)
 ParOldGen       total 86528K, used 86091K [0x0000000080000000, 0x0000000085480000, 0x00000000d5580000)
  object space 86528K, 99% used [0x0000000080000000,0x0000000085412ec0,0x0000000085480000)
 Metaspace       used 62828K, committed 64320K, reserved 1114112K
  class space    used 6741K, committed 7360K, reserved 1048576K
}
Event: 173.654 GC heap before
{Heap before GC invocations=127 (full 3):
 PSYoungGen      total 7680K, used 6752K [0x00000000d5580000, 0x00000000d5e00000, 0x0000000100000000)
  eden space 6144K, 100% used [0x00000000d5580000,0x00000000d5b80000,0x00000000d5b80000)
  from space 1536K, 39% used [0x00000000d5b80000,0x00000000d5c18000,0x00000000d5d00000)
  to   space 1024K, 0% used [0x00000000d5d00000,0x00000000d5d00000,0x00000000d5e00000)
 ParOldGen       total 86528K, used 86091K [0x0000000080000000, 0x0000000085480000, 0x00000000d5580000)
  object space 86528K, 99% used [0x0000000080000000,0x0000000085412ec0,0x0000000085480000)
 Metaspace       used 63766K, committed 65280K, reserved 1114112K
  class space    used 6836K, committed 7488K, reserved 1048576K
}
Event: 173.656 GC heap after
{Heap after GC invocations=127 (full 3):
 PSYoungGen      total 7168K, used 1006K [0x00000000d5580000, 0x00000000d5e80000, 0x0000000100000000)
  eden space 6144K, 0% used [0x00000000d5580000,0x00000000d5580000,0x00000000d5b80000)
  from space 1024K, 98% used [0x00000000d5d00000,0x00000000d5dfb950,0x00000000d5e00000)
  to   space 1536K, 0% used [0x00000000d5b80000,0x00000000d5b80000,0x00000000d5d00000)
 ParOldGen       total 88576K, used 88476K [0x0000000080000000, 0x0000000085680000, 0x00000000d5580000)
  object space 88576K, 99% used [0x0000000080000000,0x00000000856671d0,0x0000000085680000)
 Metaspace       used 63766K, committed 65280K, reserved 1114112K
  class space    used 6836K, committed 7488K, reserved 1048576K
}
Event: 173.714 GC heap before
{Heap before GC invocations=128 (full 3):
 PSYoungGen      total 7168K, used 7150K [0x00000000d5580000, 0x00000000d5e80000, 0x0000000100000000)
  eden space 6144K, 100% used [0x00000000d5580000,0x00000000d5b80000,0x00000000d5b80000)
  from space 1024K, 98% used [0x00000000d5d00000,0x00000000d5dfb950,0x00000000d5e00000)
  to   space 1536K, 0% used [0x00000000d5b80000,0x00000000d5b80000,0x00000000d5d00000)
 ParOldGen       total 88576K, used 88476K [0x0000000080000000, 0x0000000085680000, 0x00000000d5580000)
  object space 88576K, 99% used [0x0000000080000000,0x00000000856671d0,0x0000000085680000)
 Metaspace       used 64028K, committed 65600K, reserved 1114112K
  class space    used 6870K, committed 7552K, reserved 1048576K
}
Event: 173.715 GC heap after
{Heap after GC invocations=128 (full 3):
 PSYoungGen      total 7680K, used 1088K [0x00000000d5580000, 0x00000000d5e80000, 0x0000000100000000)
  eden space 6144K, 0% used [0x00000000d5580000,0x00000000d5580000,0x00000000d5b80000)
  from space 1536K, 70% used [0x00000000d5b80000,0x00000000d5c90000,0x00000000d5d00000)
  to   space 1536K, 0% used [0x00000000d5d00000,0x00000000d5d00000,0x00000000d5e80000)
 ParOldGen       total 89088K, used 88967K [0x0000000080000000, 0x0000000085700000, 0x00000000d5580000)
  object space 89088K, 99% used [0x0000000080000000,0x00000000856e1d60,0x0000000085700000)
 Metaspace       used 64028K, committed 65600K, reserved 1114112K
  class space    used 6870K, committed 7552K, reserved 1048576K
}
Event: 173.796 GC heap before
{Heap before GC invocations=129 (full 3):
 PSYoungGen      total 7680K, used 7232K [0x00000000d5580000, 0x00000000d5e80000, 0x0000000100000000)
  eden space 6144K, 100% used [0x00000000d5580000,0x00000000d5b80000,0x00000000d5b80000)
  from space 1536K, 70% used [0x00000000d5b80000,0x00000000d5c90000,0x00000000d5d00000)
  to   space 1536K, 0% used [0x00000000d5d00000,0x00000000d5d00000,0x00000000d5e80000)
 ParOldGen       total 89088K, used 88967K [0x0000000080000000, 0x0000000085700000, 0x00000000d5580000)
  object space 89088K, 99% used [0x0000000080000000,0x00000000856e1d60,0x0000000085700000)
 Metaspace       used 64517K, committed 66048K, reserved 1114112K
  class space    used 6944K, committed 7616K, reserved 1048576K
}
Event: 173.798 GC heap after
{Heap after GC invocations=129 (full 3):
 PSYoungGen      total 7680K, used 1120K [0x00000000d5580000, 0x00000000d5e80000, 0x0000000100000000)
  eden space 6144K, 0% used [0x00000000d5580000,0x00000000d5580000,0x00000000d5b80000)
  from space 1536K, 72% used [0x00000000d5d00000,0x00000000d5e18010,0x00000000d5e80000)
  to   space 1536K, 0% used [0x00000000d5b80000,0x00000000d5b80000,0x00000000d5d00000)
 ParOldGen       total 90112K, used 89943K [0x0000000080000000, 0x0000000085800000, 0x00000000d5580000)
  object space 90112K, 99% used [0x0000000080000000,0x00000000857d5d60,0x0000000085800000)
 Metaspace       used 64517K, committed 66048K, reserved 1114112K
  class space    used 6944K, committed 7616K, reserved 1048576K
}
Event: 173.940 GC heap before
{Heap before GC invocations=130 (full 3):
 PSYoungGen      total 7680K, used 7264K [0x00000000d5580000, 0x00000000d5e80000, 0x0000000100000000)
  eden space 6144K, 100% used [0x00000000d5580000,0x00000000d5b80000,0x00000000d5b80000)
  from space 1536K, 72% used [0x00000000d5d00000,0x00000000d5e18010,0x00000000d5e80000)
  to   space 1536K, 0% used [0x00000000d5b80000,0x00000000d5b80000,0x00000000d5d00000)
 ParOldGen       total 90112K, used 89943K [0x0000000080000000, 0x0000000085800000, 0x00000000d5580000)
  object space 90112K, 99% used [0x0000000080000000,0x00000000857d5d60,0x0000000085800000)
 Metaspace       used 65250K, committed 66752K, reserved 1114112K
  class space    used 7048K, committed 7680K, reserved 1048576K
}
Event: 173.942 GC heap after
{Heap after GC invocations=130 (full 3):
 PSYoungGen      total 6656K, used 352K [0x00000000d5580000, 0x00000000d5d80000, 0x0000000100000000)
  eden space 6144K, 0% used [0x00000000d5580000,0x00000000d5580000,0x00000000d5b80000)
  from space 512K, 68% used [0x00000000d5b80000,0x00000000d5bd8000,0x00000000d5c00000)
  to   space 1024K, 0% used [0x00000000d5c80000,0x00000000d5c80000,0x00000000d5d80000)
 ParOldGen       total 91136K, used 90903K [0x0000000080000000, 0x0000000085900000, 0x00000000d5580000)
  object space 91136K, 99% used [0x0000000080000000,0x00000000858c5d70,0x0000000085900000)
 Metaspace       used 65250K, committed 66752K, reserved 1114112K
  class space    used 7048K, committed 7680K, reserved 1048576K
}
Event: 174.098 GC heap before
{Heap before GC invocations=131 (full 3):
 PSYoungGen      total 6656K, used 6425K [0x00000000d5580000, 0x00000000d5d80000, 0x0000000100000000)
  eden space 6144K, 98% used [0x00000000d5580000,0x00000000d5b6e780,0x00000000d5b80000)
  from space 512K, 68% used [0x00000000d5b80000,0x00000000d5bd8000,0x00000000d5c00000)
  to   space 1024K, 0% used [0x00000000d5c80000,0x00000000d5c80000,0x00000000d5d80000)
 ParOldGen       total 91136K, used 90903K [0x0000000080000000, 0x0000000085900000, 0x00000000d5580000)
  object space 91136K, 99% used [0x0000000080000000,0x00000000858c5d70,0x0000000085900000)
 Metaspace       used 66509K, committed 67968K, reserved 1114112K
  class space    used 7198K, committed 7808K, reserved 1048576K
}
Event: 174.099 GC heap after
{Heap after GC invocations=131 (full 3):
 PSYoungGen      total 7168K, used 566K [0x00000000d5580000, 0x00000000d5d80000, 0x0000000100000000)
  eden space 6144K, 0% used [0x00000000d5580000,0x00000000d5580000,0x00000000d5b80000)
  from space 1024K, 55% used [0x00000000d5c80000,0x00000000d5d0d9c8,0x00000000d5d80000)
  to   space 1024K, 0% used [0x00000000d5b80000,0x00000000d5b80000,0x00000000d5c80000)
 ParOldGen       total 91136K, used 91103K [0x0000000080000000, 0x0000000085900000, 0x00000000d5580000)
  object space 91136K, 99% used [0x0000000080000000,0x00000000858f7dd0,0x0000000085900000)
 Metaspace       used 66509K, committed 67968K, reserved 1114112K
  class space    used 7198K, committed 7808K, reserved 1048576K
}
Event: 174.339 GC heap before
{Heap before GC invocations=132 (full 3):
 PSYoungGen      total 7168K, used 6710K [0x00000000d5580000, 0x00000000d5d80000, 0x0000000100000000)
  eden space 6144K, 100% used [0x00000000d5580000,0x00000000d5b80000,0x00000000d5b80000)
  from space 1024K, 55% used [0x00000000d5c80000,0x00000000d5d0d9c8,0x00000000d5d80000)
  to   space 1024K, 0% used [0x00000000d5b80000,0x00000000d5b80000,0x00000000d5c80000)
 ParOldGen       total 91136K, used 91103K [0x0000000080000000, 0x0000000085900000, 0x00000000d5580000)
  object space 91136K, 99% used [0x0000000080000000,0x00000000858f7dd0,0x0000000085900000)
 Metaspace       used 67489K, committed 68992K, reserved 1114112K
  class space    used 7347K, committed 8000K, reserved 1048576K
}
Event: 174.341 GC heap after
{Heap after GC invocations=132 (full 3):
 PSYoungGen      total 7168K, used 489K [0x00000000d5580000, 0x00000000d5d80000, 0x0000000100000000)
  eden space 6144K, 0% used [0x00000000d5580000,0x00000000d5580000,0x00000000d5b80000)
  from space 1024K, 47% used [0x00000000d5b80000,0x00000000d5bfa460,0x00000000d5c80000)
  to   space 1024K, 0% used [0x00000000d5c80000,0x00000000d5c80000,0x00000000d5d80000)
 ParOldGen       total 91648K, used 91362K [0x0000000080000000, 0x0000000085980000, 0x00000000d5580000)
  object space 91648K, 99% used [0x0000000080000000,0x0000000085938b80,0x0000000085980000)
 Metaspace       used 67489K, committed 68992K, reserved 1114112K
  class space    used 7347K, committed 8000K, reserved 1048576K
}

