# JRE version: OpenJDK Runtime Environment Temurin-21.0.11+10 (21.0.11+10) (build 21.0.11+10-LTS)
# Java VM: OpenJDK 64-Bit Server VM Temurin-21.0.11+10 (21.0.11+10-LTS, mixed mode, sharing, tiered, compressed oops, compressed class ptrs, parallel gc, windows-amd64)
GC Precious Log:
 CardTable entry size: 512
 CPUs: 12 total, 12 available
 Memory: 15178M
 Large Page Support: Disabled
 NUMA Support: Disabled
 Compressed Oops: Enabled (32-bit)
 Alignments: Space 512K, Generation 512K, Heap 2M
 Heap Min Capacity: 100M
 Heap Initial Capacity: 100M
 Heap Max Capacity: 2G
 Pre-touch: Disabled
 Parallel Workers: 10
Heap:
 PSYoungGen      total 11776K, used 1024K [0x00000000d5580000, 0x00000000d6280000, 0x0000000100000000)
  eden space 10752K, 0% used [0x00000000d5580000,0x00000000d5580000,0x00000000d6000000)
  from space 1024K, 100% used [0x00000000d6080000,0x00000000d6180000,0x00000000d6180000)
  to   space 1024K, 0% used [0x00000000d6180000,0x00000000d6180000,0x00000000d6280000)
 ParOldGen       total 755200K, used 755037K [0x0000000080000000, 0x00000000ae180000, 0x00000000d5580000)
  object space 755200K, 99% used [0x0000000080000000,0x00000000ae1574a0,0x00000000ae180000)
 Metaspace       used 79989K, committed 81664K, reserved 1179648K
  class space    used 8555K, committed 9344K, reserved 1048576K
GC Heap History (20 events):
Event: 39.989 GC heap before
{Heap before GC invocations=880 (full 3):
 PSYoungGen      total 11776K, used 11596K [0x00000000d5580000, 0x00000000d6480000, 0x0000000100000000)
  eden space 10240K, 100% used [0x00000000d5580000,0x00000000d5f80000,0x00000000d5f80000)
  from space 1536K, 88% used [0x00000000d6300000,0x00000000d6453008,0x00000000d6480000)
  to   space 1536K, 0% used [0x00000000d5f80000,0x00000000d5f80000,0x00000000d6100000)
 ParOldGen       total 709632K, used 709485K [0x0000000080000000, 0x00000000ab500000, 0x00000000d5580000)
  object space 709632K, 99% used [0x0000000080000000,0x00000000ab4db478,0x00000000ab500000)
 Metaspace       used 79912K, committed 81600K, reserved 1179648K
  class space    used 8554K, committed 9344K, reserved 1048576K
}
Event: 39.993 GC heap after
{Heap after GC invocations=880 (full 3):
 PSYoungGen      total 11776K, used 1328K [0x00000000d5580000, 0x00000000d6380000, 0x0000000100000000)
  eden space 10240K, 0% used [0x00000000d5580000,0x00000000d5580000,0x00000000d5f80000)
  from space 1536K, 86% used [0x00000000d5f80000,0x00000000d60cc010,0x00000000d6100000)
  to   space 1536K, 0% used [0x00000000d6200000,0x00000000d6200000,0x00000000d6380000)
 ParOldGen       total 711168K, used 710717K [0x0000000080000000, 0x00000000ab680000, 0x00000000d5580000)
  object space 711168K, 99% used [0x0000000080000000,0x00000000ab60f678,0x00000000ab680000)
 Metaspace       used 79912K, committed 81600K, reserved 1179648K
  class space    used 8554K, committed 9344K, reserved 1048576K
}
Event: 40.014 GC heap before
{Heap before GC invocations=881 (full 3):
 PSYoungGen      total 11776K, used 11568K [0x00000000d5580000, 0x00000000d6380000, 0x0000000100000000)
  eden space 10240K, 100% used [0x00000000d5580000,0x00000000d5f80000,0x00000000d5f80000)
  from space 1536K, 86% used [0x00000000d5f80000,0x00000000d60cc010,0x00000000d6100000)
  to   space 1536K, 0% used [0x00000000d6200000,0x00000000d6200000,0x00000000d6380000)
 ParOldGen       total 711168K, used 710717K [0x0000000080000000, 0x00000000ab680000, 0x00000000d5580000)
  object space 711168K, 99% used [0x0000000080000000,0x00000000ab60f678,0x00000000ab680000)
 Metaspace       used 79916K, committed 81600K, reserved 1179648K
  class space    used 8554K, committed 9344K, reserved 1048576K
}
Event: 40.017 GC heap after
{Heap after GC invocations=881 (full 3):
 PSYoungGen      total 11776K, used 1130K [0x00000000d5580000, 0x00000000d6380000, 0x0000000100000000)
  eden space 10240K, 0% used [0x00000000d5580000,0x00000000d5580000,0x00000000d5f80000)
  from space 1536K, 73% used [0x00000000d6200000,0x00000000d631a930,0x00000000d6380000)
  to   space 1536K, 0% used [0x00000000d5f80000,0x00000000d5f80000,0x00000000d6100000)
 ParOldGen       total 712192K, used 711811K [0x0000000080000000, 0x00000000ab780000, 0x00000000d5580000)
  object space 712192K, 99% used [0x0000000080000000,0x00000000ab720c88,0x00000000ab780000)
 Metaspace       used 79916K, committed 81600K, reserved 1179648K
  class space    used 8554K, committed 9344K, reserved 1048576K
}
Event: 40.038 GC heap before
{Heap before GC invocations=882 (full 3):
 PSYoungGen      total 11776K, used 11370K [0x00000000d5580000, 0x00000000d6380000, 0x0000000100000000)
  eden space 10240K, 100% used [0x00000000d5580000,0x00000000d5f80000,0x00000000d5f80000)
  from space 1536K, 73% used [0x00000000d6200000,0x00000000d631a930,0x00000000d6380000)
  to   space 1536K, 0% used [0x00000000d5f80000,0x00000000d5f80000,0x00000000d6100000)
 ParOldGen       total 712192K, used 711811K [0x0000000080000000, 0x00000000ab780000, 0x00000000d5580000)
  object space 712192K, 99% used [0x0000000080000000,0x00000000ab720c88,0x00000000ab780000)
 Metaspace       used 79928K, committed 81664K, reserved 1179648K
  class space    used 8554K, committed 9344K, reserved 1048576K
}
Event: 40.042 GC heap after
{Heap after GC invocations=882 (full 3):
 PSYoungGen      total 11776K, used 1476K [0x00000000d5580000, 0x00000000d6380000, 0x0000000100000000)
  eden space 10240K, 0% used [0x00000000d5580000,0x00000000d5580000,0x00000000d5f80000)
  from space 1536K, 96% used [0x00000000d5f80000,0x00000000d60f1210,0x00000000d6100000)
  to   space 2048K, 0% used [0x00000000d6180000,0x00000000d6180000,0x00000000d6380000)
 ParOldGen       total 713216K, used 712775K [0x0000000080000000, 0x00000000ab880000, 0x00000000d5580000)
  object space 713216K, 99% used [0x0000000080000000,0x00000000ab811eb8,0x00000000ab880000)
 Metaspace       used 79928K, committed 81664K, reserved 1179648K
  class space    used 8554K, committed 9344K, reserved 1048576K
}
Event: 40.122 GC heap before
{Heap before GC invocations=883 (full 3):
 PSYoungGen      total 11776K, used 11716K [0x00000000d5580000, 0x00000000d6380000, 0x0000000100000000)
  eden space 10240K, 100% used [0x00000000d5580000,0x00000000d5f80000,0x00000000d5f80000)
  from space 1536K, 96% used [0x00000000d5f80000,0x00000000d60f1210,0x00000000d6100000)
  to   space 2048K, 0% used [0x00000000d6180000,0x00000000d6180000,0x00000000d6380000)
 ParOldGen       total 713216K, used 712775K [0x0000000080000000, 0x00000000ab880000, 0x00000000d5580000)
  object space 713216K, 99% used [0x0000000080000000,0x00000000ab811eb8,0x00000000ab880000)
 Metaspace       used 79949K, committed 81664K, reserved 1179648K
  class space    used 8554K, committed 9344K, reserved 1048576K
}
Event: 40.125 GC heap after
{Heap after GC invocations=883 (full 3):
 PSYoungGen      total 11776K, used 1028K [0x00000000d5580000, 0x00000000d6300000, 0x0000000100000000)
  eden space 10240K, 0% used [0x00000000d5580000,0x00000000d5580000,0x00000000d5f80000)
  from space 1536K, 66% used [0x00000000d6180000,0x00000000d6281230,0x00000000d6300000)
  to   space 1536K, 0% used [0x00000000d5f80000,0x00000000d5f80000,0x00000000d6100000)
 ParOldGen       total 713728K, used 713684K [0x0000000080000000, 0x00000000ab900000, 0x00000000d5580000)
  object space 713728K, 99% used [0x0000000080000000,0x00000000ab8f5150,0x00000000ab900000)
 Metaspace       used 79949K, committed 81664K, reserved 1179648K
  class space    used 8554K, committed 9344K, reserved 1048576K
}
Event: 40.177 GC heap before
{Heap before GC invocations=884 (full 3):
 PSYoungGen      total 11776K, used 11268K [0x00000000d5580000, 0x00000000d6300000, 0x0000000100000000)
  eden space 10240K, 100% used [0x00000000d5580000,0x00000000d5f80000,0x00000000d5f80000)
  from space 1536K, 66% used [0x00000000d6180000,0x00000000d6281230,0x00000000d6300000)
  to   space 1536K, 0% used [0x00000000d5f80000,0x00000000d5f80000,0x00000000d6100000)
 ParOldGen       total 713728K, used 713684K [0x0000000080000000, 0x00000000ab900000, 0x00000000d5580000)
  object space 713728K, 99% used [0x0000000080000000,0x00000000ab8f5150,0x00000000ab900000)
 Metaspace       used 79949K, committed 81664K, reserved 1179648K
  class space    used 8554K, committed 9344K, reserved 1048576K
}
Event: 40.180 GC heap after
{Heap after GC invocations=884 (full 3):
 PSYoungGen      total 11776K, used 1032K [0x00000000d5580000, 0x00000000d6280000, 0x0000000100000000)
  eden space 10240K, 0% used [0x00000000d5580000,0x00000000d5580000,0x00000000d5f80000)
  from space 1536K, 67% used [0x00000000d5f80000,0x00000000d6082368,0x00000000d6100000)
  to   space 1536K, 0% used [0x00000000d6100000,0x00000000d6100000,0x00000000d6280000)
 ParOldGen       total 714752K, used 714472K [0x0000000080000000, 0x00000000aba00000, 0x00000000d5580000)
  object space 714752K, 99% used [0x0000000080000000,0x00000000ab9ba380,0x00000000aba00000)
 Metaspace       used 79949K, committed 81664K, reserved 1179648K
  class space    used 8554K, committed 9344K, reserved 1048576K
}
Event: 40.206 GC heap before
{Heap before GC invocations=885 (full 3):
 PSYoungGen      total 11776K, used 11272K [0x00000000d5580000, 0x00000000d6280000, 0x0000000100000000)
  eden space 10240K, 100% used [0x00000000d5580000,0x00000000d5f80000,0x00000000d5f80000)
  from space 1536K, 67% used [0x00000000d5f80000,0x00000000d6082368,0x00000000d6100000)
  to   space 1536K, 0% used [0x00000000d6100000,0x00000000d6100000,0x00000000d6280000)
 ParOldGen       total 714752K, used 714472K [0x0000000080000000, 0x00000000aba00000, 0x00000000d5580000)
  object space 714752K, 99% used [0x0000000080000000,0x00000000ab9ba380,0x00000000aba00000)
 Metaspace       used 79950K, committed 81664K, reserved 1179648K
  class space    used 8554K, committed 9344K, reserved 1048576K
}
Event: 40.209 GC heap after
{Heap after GC invocations=885 (full 3):
 PSYoungGen      total 10240K, used 1532K [0x00000000d5580000, 0x00000000d6580000, 0x0000000100000000)
  eden space 8704K, 0% used [0x00000000d5580000,0x00000000d5580000,0x00000000d5e00000)
  from space 1536K, 99% used [0x00000000d6100000,0x00000000d627f0e8,0x00000000d6280000)
  to   space 3072K, 0% used [0x00000000d5e00000,0x00000000d5e00000,0x00000000d6100000)
 ParOldGen       total 715776K, used 715310K [0x0000000080000000, 0x00000000abb00000, 0x00000000d5580000)
  object space 715776K, 99% used [0x0000000080000000,0x00000000aba8bb78,0x00000000abb00000)
 Metaspace       used 79950K, committed 81664K, reserved 1179648K
  class space    used 8554K, committed 9344K, reserved 1048576K
}
Event: 40.229 GC heap before
{Heap before GC invocations=886 (full 3):
 PSYoungGen      total 10240K, used 10236K [0x00000000d5580000, 0x00000000d6580000, 0x0000000100000000)
  eden space 8704K, 100% used [0x00000000d5580000,0x00000000d5e00000,0x00000000d5e00000)
  from space 1536K, 99% used [0x00000000d6100000,0x00000000d627f0e8,0x00000000d6280000)
  to   space 3072K, 0% used [0x00000000d5e00000,0x00000000d5e00000,0x00000000d6100000)
 ParOldGen       total 715776K, used 715310K [0x0000000080000000, 0x00000000abb00000, 0x00000000d5580000)
  object space 715776K, 99% used [0x0000000080000000,0x00000000aba8bb78,0x00000000abb00000)
 Metaspace       used 79950K, committed 81664K, reserved 1179648K
  class space    used 8554K, committed 9344K, reserved 1048576K
}
Event: 40.232 GC heap after
{Heap after GC invocations=886 (full 3):
 PSYoungGen      total 10752K, used 1956K [0x00000000d5580000, 0x00000000d6300000, 0x0000000100000000)
  eden space 8704K, 0% used [0x00000000d5580000,0x00000000d5580000,0x00000000d5e00000)
  from space 2048K, 95% used [0x00000000d5e00000,0x00000000d5fe9028,0x00000000d6000000)
  to   space 2560K, 0% used [0x00000000d6080000,0x00000000d6080000,0x00000000d6300000)
 ParOldGen       total 716800K, used 716744K [0x0000000080000000, 0x00000000abc00000, 0x00000000d5580000)
  object space 716800K, 99% used [0x0000000080000000,0x00000000abbf2230,0x00000000abc00000)
 Metaspace       used 79950K, committed 81664K, reserved 1179648K
  class space    used 8554K, committed 9344K, reserved 1048576K
}
Event: 40.251 GC heap before
{Heap before GC invocations=887 (full 3):
 PSYoungGen      total 10752K, used 10660K [0x00000000d5580000, 0x00000000d6300000, 0x0000000100000000)
  eden space 8704K, 100% used [0x00000000d5580000,0x00000000d5e00000,0x00000000d5e00000)
  from space 2048K, 95% used [0x00000000d5e00000,0x00000000d5fe9028,0x00000000d6000000)
  to   space 2560K, 0% used [0x00000000d6080000,0x00000000d6080000,0x00000000d6300000)
 ParOldGen       total 716800K, used 716744K [0x0000000080000000, 0x00000000abc00000, 0x00000000d5580000)
  object space 716800K, 99% used [0x0000000080000000,0x00000000abbf2230,0x00000000abc00000)
 Metaspace       used 79950K, committed 81664K, reserved 1179648K
  class space    used 8554K, committed 9344K, reserved 1048576K
}
Event: 40.254 GC heap after
{Heap after GC invocations=887 (full 3):
 PSYoungGen      total 11264K, used 2238K [0x00000000d5580000, 0x00000000d6300000, 0x0000000100000000)
  eden space 8704K, 0% used [0x00000000d5580000,0x00000000d5580000,0x00000000d5e00000)
  from space 2560K, 87% used [0x00000000d6080000,0x00000000d62af940,0x00000000d6300000)
  to   space 2560K, 0% used [0x00000000d5e00000,0x00000000d5e00000,0x00000000d6080000)
 ParOldGen       total 718848K, used 718549K [0x0000000080000000, 0x00000000abe00000, 0x00000000d5580000)
  object space 718848K, 99% used [0x0000000080000000,0x00000000abdb54e8,0x00000000abe00000)
 Metaspace       used 79950K, committed 81664K, reserved 1179648K
  class space    used 8554K, committed 9344K, reserved 1048576K
}
Event: 40.274 GC heap before
{Heap before GC invocations=888 (full 3):
 PSYoungGen      total 11264K, used 10942K [0x00000000d5580000, 0x00000000d6300000, 0x0000000100000000)
  eden space 8704K, 100% used [0x00000000d5580000,0x00000000d5e00000,0x00000000d5e00000)
  from space 2560K, 87% used [0x00000000d6080000,0x00000000d62af940,0x00000000d6300000)
  to   space 2560K, 0% used [0x00000000d5e00000,0x00000000d5e00000,0x00000000d6080000)
 ParOldGen       total 718848K, used 718549K [0x0000000080000000, 0x00000000abe00000, 0x00000000d5580000)
  object space 718848K, 99% used [0x0000000080000000,0x00000000abdb5500,0x00000000abe00000)
 Metaspace       used 79958K, committed 81664K, reserved 1179648K
  class space    used 8554K, committed 9344K, reserved 1048576K
}
Event: 40.278 GC heap after
{Heap after GC invocations=888 (full 3):
 PSYoungGen      total 10752K, used 1875K [0x00000000d5580000, 0x00000000d6200000, 0x0000000100000000)
  eden space 8704K, 0% used [0x00000000d5580000,0x00000000d5580000,0x00000000d5e00000)
  from space 2048K, 91% used [0x00000000d5e00000,0x00000000d5fd4ec0,0x00000000d6000000)
  to   space 2048K, 0% used [0x00000000d6000000,0x00000000d6000000,0x00000000d6200000)
 ParOldGen       total 720896K, used 720649K [0x0000000080000000, 0x00000000ac000000, 0x00000000d5580000)
  object space 720896K, 99% used [0x0000000080000000,0x00000000abfc25a8,0x00000000ac000000)
 Metaspace       used 79958K, committed 81664K, reserved 1179648K
  class space    used 8554K, committed 9344K, reserved 1048576K
}
Event: 40.304 GC heap before
{Heap before GC invocations=889 (full 3):
 PSYoungGen      total 10752K, used 10579K [0x00000000d5580000, 0x00000000d6200000, 0x0000000100000000)
  eden space 8704K, 100% used [0x00000000d5580000,0x00000000d5e00000,0x00000000d5e00000)
  from space 2048K, 91% used [0x00000000d5e00000,0x00000000d5fd4ec0,0x00000000d6000000)
  to   space 2048K, 0% used [0x00000000d6000000,0x00000000d6000000,0x00000000d6200000)
 ParOldGen       total 720896K, used 720661K [0x0000000080000000, 0x00000000ac000000, 0x00000000d5580000)
  object space 720896K, 99% used [0x0000000080000000,0x00000000abfc5448,0x00000000ac000000)
 Metaspace       used 79967K, committed 81664K, reserved 1179648K
  class space    used 8554K, committed 9344K, reserved 1048576K
}
Event: 41.306 GC heap after
{Heap after GC invocations=889 (full 3):
 PSYoungGen      total 10752K, used 1336K [0x00000000d5580000, 0x00000000d6400000, 0x0000000100000000)
  eden space 8704K, 0% used [0x00000000d5580000,0x00000000d5580000,0x00000000d5e00000)
  from space 2048K, 65% used [0x00000000d6000000,0x00000000d614e008,0x00000000d6200000)
  to   space 2048K, 0% used [0x00000000d5e00000,0x00000000d5e00000,0x00000000d6000000)
 ParOldGen       total 721920K, used 721661K [0x0000000080000000, 0x00000000ac100000, 0x00000000d5580000)
  object space 721920K, 99% used [0x0000000080000000,0x00000000ac0bf448,0x00000000ac100000)
 Metaspace       used 79967K, committed 81664K, reserved 1179648K
  class space    used 8554K, committed 9344K, reserved 1048576K
}

